# JRE version: OpenJDK Runtime Environment Temurin-21.0.6+7 (21.0.6+7) (build 21.0.6+7-LTS)
# Java VM: OpenJDK 64-Bit Server VM Temurin-21.0.6+7 (21.0.6+7-LTS, mixed mode, sharing, tiered, compressed oops, compressed class ptrs, parallel gc, windows-amd64)
GC Precious Log:
 CardTable entry size: 512
 CPUs: 4 total, 4 available
 Memory: 3998M
 Large Page Support: Disabled
 NUMA Support: Disabled
 Compressed Oops: Enabled (32-bit)
 Alignments: Space 512K, Generation 512K, Heap 2M
 Heap Min Capacity: 100M
 Heap Initial Capacity: 100M
 Heap Max Capacity: 1G
 Pre-touch: Disabled
 Parallel Workers: 4
Heap:
 PSYoungGen      total 2048K, used 1220K [0x00000000eab00000, 0x00000000eae00000, 0x0000000100000000)
  eden space 1024K, 78% used [0x00000000eab00000,0x00000000eabc9150,0x00000000eac00000)
  from space 1024K, 40% used [0x00000000ead00000,0x00000000ead68000,0x00000000eae00000)
  to   space 1024K, 0% used [0x00000000eac00000,0x00000000eac00000,0x00000000ead00000)
 ParOldGen       total 356864K, used 321532K [0x00000000c0000000, 0x00000000d5c80000, 0x00000000eab00000)
  object space 356864K, 90% used [0x00000000c0000000,0x00000000d39ff2c8,0x00000000d5c80000)
 Metaspace       used 58603K, committed 59904K, reserved 1114112K
  class space    used 6100K, committed 6656K, reserved 1048576K
GC Heap History (20 events):
Event: 79.225 GC heap before
{Heap before GC invocations=360 (full 3):
 PSYoungGen      total 2048K, used 1911K [0x00000000eab00000, 0x00000000eae80000, 0x0000000100000000)
  eden space 1024K, 99% used [0x00000000eab00000,0x00000000eabffc98,0x00000000eac00000)
  from space 1024K, 86% used [0x00000000ead80000,0x00000000eae5e010,0x00000000eae80000)
  to   space 1024K, 0% used [0x00000000eac00000,0x00000000eac00000,0x00000000ead00000)
 ParOldGen       total 356864K, used 313381K [0x00000000c0000000, 0x00000000d5c80000, 0x00000000eab00000)
  object space 356864K, 87% used [0x00000000c0000000,0x00000000d3209528,0x00000000d5c80000)
 Metaspace       used 58496K, committed 59840K, reserved 1114112K
  class space    used 6094K, committed 6656K, reserved 1048576K
}
Event: 79.233 GC heap after
{Heap after GC invocations=360 (full 3):
 PSYoungGen      total 2048K, used 968K [0x00000000eab00000, 0x00000000eae00000, 0x0000000100000000)
  eden space 1024K, 0% used [0x00000000eab00000,0x00000000eab00000,0x00000000eac00000)
  from space 1024K, 94% used [0x00000000eac00000,0x00000000eacf2020,0x00000000ead00000)
  to   space 1024K, 0% used [0x00000000ead00000,0x00000000ead00000,0x00000000eae00000)
 ParOldGen       total 356864K, used 314208K [0x00000000c0000000, 0x00000000d5c80000, 0x00000000eab00000)
  object space 356864K, 88% used [0x00000000c0000000,0x00000000d32d8010,0x00000000d5c80000)
 Metaspace       used 58496K, committed 59840K, reserved 1114112K
  class space    used 6094K, committed 6656K, reserved 1048576K
}
Event: 79.256 GC heap before
{Heap before GC invocations=361 (full 3):
 PSYoungGen      total 2048K, used 1992K [0x00000000eab00000, 0x00000000eae00000, 0x0000000100000000)
  eden space 1024K, 100% used [0x00000000eab00000,0x00000000eac00000,0x00000000eac00000)
  from space 1024K, 94% used [0x00000000eac00000,0x00000000eacf2020,0x00000000ead00000)
  to   space 1024K, 0% used [0x00000000ead00000,0x00000000ead00000,0x00000000eae00000)
 ParOldGen       total 356864K, used 314208K [0x00000000c0000000, 0x00000000d5c80000, 0x00000000eab00000)
  object space 356864K, 88% used [0x00000000c0000000,0x00000000d32d8010,0x00000000d5c80000)
 Metaspace       used 58497K, committed 59840K, reserved 1114112K
  class space    used 6094K, committed 6656K, reserved 1048576K
}
Event: 79.262 GC heap after
{Heap after GC invocations=361 (full 3):
 PSYoungGen      total 2048K, used 411K [0x00000000eab00000, 0x00000000eae00000, 0x0000000100000000)
  eden space 1024K, 0% used [0x00000000eab00000,0x00000000eab00000,0x00000000eac00000)
  from space 1024K, 40% used [0x00000000ead00000,0x00000000ead66f48,0x00000000eae00000)
  to   space 1024K, 0% used [0x00000000eac00000,0x00000000eac00000,0x00000000ead00000)
 ParOldGen       total 356864K, used 315082K [0x00000000c0000000, 0x00000000d5c80000, 0x00000000eab00000)
  object space 356864K, 88% used [0x00000000c0000000,0x00000000d33b2ac0,0x00000000d5c80000)
 Metaspace       used 58497K, committed 59840K, reserved 1114112K
  class space    used 6094K, committed 6656K, reserved 1048576K
}
Event: 79.290 GC heap before
{Heap before GC invocations=362 (full 3):
 PSYoungGen      total 2048K, used 1435K [0x00000000eab00000, 0x00000000eae00000, 0x0000000100000000)
  eden space 1024K, 99% used [0x00000000eab00000,0x00000000eabffff8,0x00000000eac00000)
  from space 1024K, 40% used [0x00000000ead00000,0x00000000ead66f48,0x00000000eae00000)
  to   space 1024K, 0% used [0x00000000eac00000,0x00000000eac00000,0x00000000ead00000)
 ParOldGen       total 356864K, used 315082K [0x00000000c0000000, 0x00000000d5c80000, 0x00000000eab00000)
  object space 356864K, 88% used [0x00000000c0000000,0x00000000d33b2ac0,0x00000000d5c80000)
 Metaspace       used 58498K, committed 59840K, reserved 1114112K
  class space    used 6094K, committed 6656K, reserved 1048576K
}
Event: 79.294 GC heap after
{Heap after GC invocations=362 (full 3):
 PSYoungGen      total 2048K, used 320K [0x00000000eab00000, 0x00000000ead80000, 0x0000000100000000)
  eden space 1024K, 0% used [0x00000000eab00000,0x00000000eab00000,0x00000000eac00000)
  from space 1024K, 31% used [0x00000000eac00000,0x00000000eac50000,0x00000000ead00000)
  to   space 512K, 0% used [0x00000000ead00000,0x00000000ead00000,0x00000000ead80000)
 ParOldGen       total 356864K, used 315454K [0x00000000c0000000, 0x00000000d5c80000, 0x00000000eab00000)
  object space 356864K, 88% used [0x00000000c0000000,0x00000000d340fa08,0x00000000d5c80000)
 Metaspace       used 58498K, committed 59840K, reserved 1114112K
  class space    used 6094K, committed 6656K, reserved 1048576K
}
Event: 79.351 GC heap before
{Heap before GC invocations=363 (full 3):
 PSYoungGen      total 2048K, used 1343K [0x00000000eab00000, 0x00000000ead80000, 0x0000000100000000)
  eden space 1024K, 99% used [0x00000000eab00000,0x00000000eabffcb0,0x00000000eac00000)
  from space 1024K, 31% used [0x00000000eac00000,0x00000000eac50000,0x00000000ead00000)
  to   space 512K, 0% used [0x00000000ead00000,0x00000000ead00000,0x00000000ead80000)
 ParOldGen       total 356864K, used 315454K [0x00000000c0000000, 0x00000000d5c80000, 0x00000000eab00000)
  object space 356864K, 88% used [0x00000000c0000000,0x00000000d340fa08,0x00000000d5c80000)
 Metaspace       used 58500K, committed 59840K, reserved 1114112K
  class space    used 6094K, committed 6656K, reserved 1048576K
}
Event: 79.363 GC heap after
{Heap after GC invocations=363 (full 3):
 PSYoungGen      total 1536K, used 512K [0x00000000eab00000, 0x00000000eae00000, 0x0000000100000000)
  eden space 1024K, 0% used [0x00000000eab00000,0x00000000eab00000,0x00000000eac00000)
  from space 512K, 100% used [0x00000000ead00000,0x00000000ead80000,0x00000000ead80000)
  to   space 1024K, 0% used [0x00000000eac00000,0x00000000eac00000,0x00000000ead00000)
 ParOldGen       total 356864K, used 315850K [0x00000000c0000000, 0x00000000d5c80000, 0x00000000eab00000)
  object space 356864K, 88% used [0x00000000c0000000,0x00000000d3472a10,0x00000000d5c80000)
 Metaspace       used 58500K, committed 59840K, reserved 1114112K
  class space    used 6094K, committed 6656K, reserved 1048576K
}
Event: 79.413 GC heap before
{Heap before GC invocations=364 (full 3):
 PSYoungGen      total 1536K, used 1536K [0x00000000eab00000, 0x00000000eae00000, 0x0000000100000000)
  eden space 1024K, 100% used [0x00000000eab00000,0x00000000eac00000,0x00000000eac00000)
  from space 512K, 100% used [0x00000000ead00000,0x00000000ead80000,0x00000000ead80000)
  to   space 1024K, 0% used [0x00000000eac00000,0x00000000eac00000,0x00000000ead00000)
 ParOldGen       total 356864K, used 316037K [0x00000000c0000000, 0x00000000d5c80000, 0x00000000eab00000)
  object space 356864K, 88% used [0x00000000c0000000,0x00000000d34a1408,0x00000000d5c80000)
 Metaspace       used 58500K, committed 59840K, reserved 1114112K
  class space    used 6094K, committed 6656K, reserved 1048576K
}
Event: 79.419 GC heap after
{Heap after GC invocations=364 (full 3):
 PSYoungGen      total 2048K, used 1019K [0x00000000eab00000, 0x00000000eae00000, 0x0000000100000000)
  eden space 1024K, 0% used [0x00000000eab00000,0x00000000eab00000,0x00000000eac00000)
  from space 1024K, 99% used [0x00000000eac00000,0x00000000eacfef48,0x00000000ead00000)
  to   space 512K, 0% used [0x00000000ead00000,0x00000000ead00000,0x00000000ead80000)
 ParOldGen       total 356864K, used 316562K [0x00000000c0000000, 0x00000000d5c80000, 0x00000000eab00000)
  object space 356864K, 88% used [0x00000000c0000000,0x00000000d3524958,0x00000000d5c80000)
 Metaspace       used 58500K, committed 59840K, reserved 1114112K
  class space    used 6094K, committed 6656K, reserved 1048576K
}
Event: 79.491 GC heap before
{Heap before GC invocations=365 (full 3):
 PSYoungGen      total 2048K, used 2043K [0x00000000eab00000, 0x00000000eae00000, 0x0000000100000000)
  eden space 1024K, 100% used [0x00000000eab00000,0x00000000eac00000,0x00000000eac00000)
  from space 1024K, 99% used [0x00000000eac00000,0x00000000eacfef48,0x00000000ead00000)
  to   space 512K, 0% used [0x00000000ead00000,0x00000000ead00000,0x00000000ead80000)
 ParOldGen       total 356864K, used 316566K [0x00000000c0000000, 0x00000000d5c80000, 0x00000000eab00000)
  object space 356864K, 88% used [0x00000000c0000000,0x00000000d3525ac0,0x00000000d5c80000)
 Metaspace       used 58542K, committed 59840K, reserved 1114112K
  class space    used 6096K, committed 6656K, reserved 1048576K
}
Event: 79.495 GC heap after
{Heap after GC invocations=365 (full 3):
 PSYoungGen      total 1536K, used 288K [0x00000000eab00000, 0x00000000eae00000, 0x0000000100000000)
  eden space 1024K, 0% used [0x00000000eab00000,0x00000000eab00000,0x00000000eac00000)
  from space 512K, 56% used [0x00000000ead00000,0x00000000ead48000,0x00000000ead80000)
  to   space 1024K, 0% used [0x00000000eac00000,0x00000000eac00000,0x00000000ead00000)
 ParOldGen       total 356864K, used 317565K [0x00000000c0000000, 0x00000000d5c80000, 0x00000000eab00000)
  object space 356864K, 88% used [0x00000000c0000000,0x00000000d361f4a8,0x00000000d5c80000)
 Metaspace       used 58542K, committed 59840K, reserved 1114112K
  class space    used 6096K, committed 6656K, reserved 1048576K
}
Event: 79.607 GC heap before
{Heap before GC invocations=366 (full 3):
 PSYoungGen      total 1536K, used 1310K [0x00000000eab00000, 0x00000000eae00000, 0x0000000100000000)
  eden space 1024K, 99% used [0x00000000eab00000,0x00000000eabff9f0,0x00000000eac00000)
  from space 512K, 56% used [0x00000000ead00000,0x00000000ead48000,0x00000000ead80000)
  to   space 1024K, 0% used [0x00000000eac00000,0x00000000eac00000,0x00000000ead00000)
 ParOldGen       total 356864K, used 317565K [0x00000000c0000000, 0x00000000d5c80000, 0x00000000eab00000)
  object space 356864K, 88% used [0x00000000c0000000,0x00000000d361f4a8,0x00000000d5c80000)
 Metaspace       used 58547K, committed 59840K, reserved 1114112K
  class space    used 6096K, committed 6656K, reserved 1048576K
}
Event: 79.610 GC heap after
{Heap after GC invocations=366 (full 3):
 PSYoungGen      total 2048K, used 635K [0x00000000eab00000, 0x00000000eae00000, 0x0000000100000000)
  eden space 1024K, 0% used [0x00000000eab00000,0x00000000eab00000,0x00000000eac00000)
  from space 1024K, 62% used [0x00000000eac00000,0x00000000eac9efd0,0x00000000ead00000)
  to   space 1024K, 0% used [0x00000000ead00000,0x00000000ead00000,0x00000000eae00000)
 ParOldGen       total 356864K, used 317761K [0x00000000c0000000, 0x00000000d5c80000, 0x00000000eab00000)
  object space 356864K, 89% used [0x00000000c0000000,0x00000000d36504a0,0x00000000d5c80000)
 Metaspace       used 58547K, committed 59840K, reserved 1114112K
  class space    used 6096K, committed 6656K, reserved 1048576K
}
Event: 79.707 GC heap before
{Heap before GC invocations=367 (full 3):
 PSYoungGen      total 2048K, used 1659K [0x00000000eab00000, 0x00000000eae00000, 0x0000000100000000)
  eden space 1024K, 100% used [0x00000000eab00000,0x00000000eac00000,0x00000000eac00000)
  from space 1024K, 62% used [0x00000000eac00000,0x00000000eac9efd0,0x00000000ead00000)
  to   space 1024K, 0% used [0x00000000ead00000,0x00000000ead00000,0x00000000eae00000)
 ParOldGen       total 356864K, used 317761K [0x00000000c0000000, 0x00000000d5c80000, 0x00000000eab00000)
  object space 356864K, 89% used [0x00000000c0000000,0x00000000d36504a0,0x00000000d5c80000)
 Metaspace       used 58548K, committed 59840K, reserved 1114112K
  class space    used 6096K, committed 6656K, reserved 1048576K
}
Event: 79.711 GC heap after
{Heap after GC invocations=367 (full 3):
 PSYoungGen      total 1536K, used 384K [0x00000000eab00000, 0x00000000ead80000, 0x0000000100000000)
  eden space 1024K, 0% used [0x00000000eab00000,0x00000000eab00000,0x00000000eac00000)
  from space 512K, 75% used [0x00000000ead00000,0x00000000ead60000,0x00000000ead80000)
  to   space 512K, 0% used [0x00000000eac80000,0x00000000eac80000,0x00000000ead00000)
 ParOldGen       total 356864K, used 318323K [0x00000000c0000000, 0x00000000d5c80000, 0x00000000eab00000)
  object space 356864K, 89% used [0x00000000c0000000,0x00000000d36dcf28,0x00000000d5c80000)
 Metaspace       used 58548K, committed 59840K, reserved 1114112K
  class space    used 6096K, committed 6656K, reserved 1048576K
}
Event: 79.735 GC heap before
{Heap before GC invocations=368 (full 3):
 PSYoungGen      total 1536K, used 1122K [0x00000000eab00000, 0x00000000ead80000, 0x0000000100000000)
  eden space 1024K, 72% used [0x00000000eab00000,0x00000000eabb8a00,0x00000000eac00000)
  from space 512K, 75% used [0x00000000ead00000,0x00000000ead60000,0x00000000ead80000)
  to   space 512K, 0% used [0x00000000eac80000,0x00000000eac80000,0x00000000ead00000)
 ParOldGen       total 356864K, used 318323K [0x00000000c0000000, 0x00000000d5c80000, 0x00000000eab00000)
  object space 356864K, 89% used [0x00000000c0000000,0x00000000d36dcf28,0x00000000d5c80000)
 Metaspace       used 58548K, committed 59840K, reserved 1114112K
  class space    used 6096K, committed 6656K, reserved 1048576K
}
Event: 79.741 GC heap after
{Heap after GC invocations=368 (full 3):
 PSYoungGen      total 1536K, used 496K [0x00000000eab00000, 0x00000000eae00000, 0x0000000100000000)
  eden space 1024K, 0% used [0x00000000eab00000,0x00000000eab00000,0x00000000eac00000)
  from space 512K, 96% used [0x00000000eac80000,0x00000000eacfc000,0x00000000ead00000)
  to   space 1024K, 0% used [0x00000000ead00000,0x00000000ead00000,0x00000000eae00000)
 ParOldGen       total 356864K, used 318743K [0x00000000c0000000, 0x00000000d5c80000, 0x00000000eab00000)
  object space 356864K, 89% used [0x00000000c0000000,0x00000000d3745f20,0x00000000d5c80000)
 Metaspace       used 58548K, committed 59840K, reserved 1114112K
  class space    used 6096K, committed 6656K, reserved 1048576K
}
Event: 79.773 GC heap before
{Heap before GC invocations=369 (full 3):
 PSYoungGen      total 1536K, used 1520K [0x00000000eab00000, 0x00000000eae00000, 0x0000000100000000)
  eden space 1024K, 100% used [0x00000000eab00000,0x00000000eac00000,0x00000000eac00000)
  from space 512K, 96% used [0x00000000eac80000,0x00000000eacfc000,0x00000000ead00000)
  to   space 1024K, 0% used [0x00000000ead00000,0x00000000ead00000,0x00000000eae00000)
 ParOldGen       total 356864K, used 318743K [0x00000000c0000000, 0x00000000d5c80000, 0x00000000eab00000)
  object space 356864K, 89% used [0x00000000c0000000,0x00000000d3745f20,0x00000000d5c80000)
 Metaspace       used 58548K, committed 59840K, reserved 1114112K
  class space    used 6096K, committed 6656K, reserved 1048576K
}
Event: 79.776 GC heap after
{Heap after GC invocations=369 (full 3):
 PSYoungGen      total 2048K, used 839K [0x00000000eab00000, 0x00000000eae00000, 0x0000000100000000)
  eden space 1024K, 0% used [0x00000000eab00000,0x00000000eab00000,0x00000000eac00000)
  from space 1024K, 81% used [0x00000000ead00000,0x00000000eadd1e90,0x00000000eae00000)
  to   space 1024K, 0% used [0x00000000eac00000,0x00000000eac00000,0x00000000ead00000)
 ParOldGen       total 356864K, used 319238K [0x00000000c0000000, 0x00000000d5c80000, 0x00000000eab00000)
  object space 356864K, 89% used [0x00000000c0000000,0x00000000d37c19c8,0x00000000d5c80000)
 Metaspace       used 58548K, committed 59840K, reserved 1114112K
  class space    used 6096K, committed 6656K, reserved 1048576K
}

